This file contains any messages produced by compilers while
running configure, to aid debugging if configure makes a mistake.

It was created by lora_logger_module configure 1.0.0, which was
generated by GNU Autoconf 2.69.  Invocation command line was

  $ ./configure --no-create --no-recursion

## --------- ##
## Platform. ##
## --------- ##

hostname = TTNloraGWvsb001
uname -m = armv7l
uname -r = 4.14.39-v7+
uname -s = Linux
uname -v = #1112 SMP Sat May 5 12:01:33 BST 2018

/usr/bin/uname -p = unknown
/bin/uname -X     = unknown

/bin/arch              = unknown
/usr/bin/arch -k       = unknown
/usr/convex/getsysinfo = unknown
/usr/bin/hostinfo      = unknown
/bin/machine           = unknown
/usr/bin/oslevel       = unknown
/bin/universe          = unknown

PATH: /usr/local/sbin
PATH: /usr/local/bin
PATH: /usr/sbin
PATH: /usr/bin
PATH: /sbin
PATH: /bin


## ----------- ##
## Core tests. ##
## ----------- ##

configure:2284: checking for a BSD-compatible install
configure:2352: result: /usr/bin/install -c
configure:2363: checking whether build environment is sane
configure:2418: result: yes
configure:2569: checking for a thread-safe mkdir -p
configure:2608: result: /bin/mkdir -p
configure:2615: checking for gawk
configure:2631: found /usr/bin/gawk
configure:2642: result: gawk
configure:2653: checking whether make sets $(MAKE)
configure:2675: result: yes
configure:2704: checking whether make supports nested variables
configure:2721: result: yes
configure:2861: checking for style of include used by make
configure:2889: result: GNU
configure:2960: checking for gcc
configure:2976: found /usr/bin/gcc
configure:2987: result: gcc
configure:3216: checking for C compiler version
configure:3225: gcc --version >&5
gcc (Raspbian 4.9.2-10+deb8u1) 4.9.2
Copyright (C) 2014 Free Software Foundation, Inc.
This is free software; see the source for copying conditions.  There is NO
warranty; not even for MERCHANTABILITY or FITNESS FOR A PARTICULAR PURPOSE.

configure:3236: $? = 0
configure:3225: gcc -v >&5
Using built-in specs.
COLLECT_GCC=gcc
COLLECT_LTO_WRAPPER=/usr/lib/gcc/arm-linux-gnueabihf/4.9/lto-wrapper
Target: arm-linux-gnueabihf
Configured with: ../src/configure -v --with-pkgversion='Raspbian 4.9.2-10+deb8u1' --with-bugurl=file:///usr/share/doc/gcc-4.9/README.Bugs --enable-languages=c,c++,java,go,d,fortran,objc,obj-c++ --prefix=/usr --program-suffix=-4.9 --enable-shared --enable-linker-build-id --libexecdir=/usr/lib --without-included-gettext --enable-threads=posix --with-gxx-include-dir=/usr/include/c++/4.9 --libdir=/usr/lib --enable-nls --with-sysroot=/ --enable-clocale=gnu --enable-libstdcxx-debug --enable-libstdcxx-time=yes --enable-gnu-unique-object --disable-libitm --disable-libquadmath --enable-plugin --with-system-zlib --disable-browser-plugin --enable-java-awt=gtk --enable-gtk-cairo --with-java-home=/usr/lib/jvm/java-1.5.0-gcj-4.9-armhf/jre --enable-java-home --with-jvm-root-dir=/usr/lib/jvm/java-1.5.0-gcj-4.9-armhf --with-jvm-jar-dir=/usr/lib/jvm-exports/java-1.5.0-gcj-4.9-armhf --with-arch-directory=arm --with-ecj-jar=/usr/share/java/eclipse-ecj.jar --enable-objc-gc --enable-multiarch --disable-sjlj-exceptions --with-arch=armv6 --with-fpu=vfp --with-float=hard --enable-checking=release --build=arm-linux-gnueabihf --host=arm-linux-gnueabihf --target=arm-linux-gnueabihf
Thread model: posix
gcc version 4.9.2 (Raspbian 4.9.2-10+deb8u1) 
configure:3236: $? = 0
configure:3225: gcc -V >&5
gcc: error: unrecognized command line option '-V'
gcc: fatal error: no input files
compilation terminated.
configure:3236: $? = 4
configure:3225: gcc -qversion >&5
gcc: error: unrecognized command line option '-qversion'
gcc: fatal error: no input files
compilation terminated.
configure:3236: $? = 4
configure:3256: checking whether the C compiler works
configure:3278: gcc    conftest.c  >&5
configure:3282: $? = 0
configure:3330: result: yes
configure:3333: checking for C compiler default output file name
configure:3335: result: a.out
configure:3341: checking for suffix of executables
configure:3348: gcc -o conftest    conftest.c  >&5
configure:3352: $? = 0
configure:3374: result: 
configure:3396: checking whether we are cross compiling
configure:3404: gcc -o conftest    conftest.c  >&5
configure:3408: $? = 0
configure:3415: ./conftest
configure:3419: $? = 0
configure:3434: result: no
configure:3439: checking for suffix of object files
configure:3461: gcc -c   conftest.c >&5
configure:3465: $? = 0
configure:3486: result: o
configure:3490: checking whether we are using the GNU C compiler
configure:3509: gcc -c   conftest.c >&5
configure:3509: $? = 0
configure:3518: result: yes
configure:3527: checking whether gcc accepts -g
configure:3547: gcc -c -g  conftest.c >&5
configure:3547: $? = 0
configure:3588: result: yes
configure:3605: checking for gcc option to accept ISO C89
configure:3668: gcc  -c -g -O2  conftest.c >&5
configure:3668: $? = 0
configure:3681: result: none needed
configure:3706: checking whether gcc understands -c and -o together
configure:3728: gcc -c conftest.c -o conftest2.o
configure:3731: $? = 0
configure:3728: gcc -c conftest.c -o conftest2.o
configure:3731: $? = 0
configure:3743: result: yes
configure:3762: checking dependency style of gcc
configure:3873: result: gcc3
configure:3894: checking how to run the C preprocessor
configure:3925: gcc -E  conftest.c
configure:3925: $? = 0
configure:3939: gcc -E  conftest.c
conftest.c:11:28: fatal error: ac_nonexistent.h: No such file or directory
 #include <ac_nonexistent.h>
                            ^
compilation terminated.
configure:3939: $? = 1
configure: failed program was:
| /* confdefs.h */
| #define PACKAGE_NAME "lora_logger_module"
| #define PACKAGE_TARNAME "lora_logger_module"
| #define PACKAGE_VERSION "1.0.0"
| #define PACKAGE_STRING "lora_logger_module 1.0.0"
| #define PACKAGE_BUGREPORT "erik.gresak@vsb.cz"
| #define PACKAGE_URL ""
| #define PACKAGE "lora_logger_module"
| #define VERSION "1.0.0"
| /* end confdefs.h.  */
| #include <ac_nonexistent.h>
configure:3964: result: gcc -E
configure:3984: gcc -E  conftest.c
configure:3984: $? = 0
configure:3998: gcc -E  conftest.c
conftest.c:11:28: fatal error: ac_nonexistent.h: No such file or directory
 #include <ac_nonexistent.h>
                            ^
compilation terminated.
configure:3998: $? = 1
configure: failed program was:
| /* confdefs.h */
| #define PACKAGE_NAME "lora_logger_module"
| #define PACKAGE_TARNAME "lora_logger_module"
| #define PACKAGE_VERSION "1.0.0"
| #define PACKAGE_STRING "lora_logger_module 1.0.0"
| #define PACKAGE_BUGREPORT "erik.gresak@vsb.cz"
| #define PACKAGE_URL ""
| #define PACKAGE "lora_logger_module"
| #define VERSION "1.0.0"
| /* end confdefs.h.  */
| #include <ac_nonexistent.h>
configure:4027: checking for grep that handles long lines and -e
configure:4085: result: /bin/grep
configure:4090: checking for egrep
configure:4152: result: /bin/grep -E
configure:4157: checking for ANSI C header files
configure:4177: gcc -c -g -O2  conftest.c >&5
configure:4177: $? = 0
configure:4250: gcc -o conftest -g -O2   conftest.c  >&5
configure:4250: $? = 0
configure:4250: ./conftest
configure:4250: $? = 0
configure:4261: result: yes
configure:4274: checking for sys/types.h
configure:4274: gcc -c -g -O2  conftest.c >&5
configure:4274: $? = 0
configure:4274: result: yes
configure:4274: checking for sys/stat.h
configure:4274: gcc -c -g -O2  conftest.c >&5
configure:4274: $? = 0
configure:4274: result: yes
configure:4274: checking for stdlib.h
configure:4274: gcc -c -g -O2  conftest.c >&5
configure:4274: $? = 0
configure:4274: result: yes
configure:4274: checking for string.h
configure:4274: gcc -c -g -O2  conftest.c >&5
configure:4274: $? = 0
configure:4274: result: yes
configure:4274: checking for memory.h
configure:4274: gcc -c -g -O2  conftest.c >&5
configure:4274: $? = 0
configure:4274: result: yes
configure:4274: checking for strings.h
configure:4274: gcc -c -g -O2  conftest.c >&5
configure:4274: $? = 0
configure:4274: result: yes
configure:4274: checking for inttypes.h
configure:4274: gcc -c -g -O2  conftest.c >&5
configure:4274: $? = 0
configure:4274: result: yes
configure:4274: checking for stdint.h
configure:4274: gcc -c -g -O2  conftest.c >&5
configure:4274: $? = 0
configure:4274: result: yes
configure:4274: checking for unistd.h
configure:4274: gcc -c -g -O2  conftest.c >&5
configure:4274: $? = 0
configure:4274: result: yes
configure:4340: checking for pkg-config
configure:4358: found /usr/bin/pkg-config
configure:4370: result: /usr/bin/pkg-config
configure:4395: checking pkg-config is at least version 0.9.0
configure:4398: result: yes
configure:4409: checking getopt.h usability
configure:4409: gcc -c -g -O2  conftest.c >&5
configure:4409: $? = 0
configure:4409: result: yes
configure:4409: checking getopt.h presence
configure:4409: gcc -E  conftest.c
configure:4409: $? = 0
configure:4409: result: yes
configure:4409: checking for getopt.h
configure:4409: result: yes
configure:4422: checking for getopt_long
configure:4422: gcc -o conftest -g -O2   conftest.c  >&5
configure:4422: $? = 0
configure:4422: result: yes
configure:4422: checking for getopt
configure:4422: gcc -o conftest -g -O2   conftest.c  >&5
configure:4422: $? = 0
configure:4422: result: yes
configure:4545: checking for libtrap in parent directory
configure:4566: result: no
configure:4571: checking for libtrap
configure:4578: $PKG_CONFIG --exists --print-errors "libtrap"
configure:4581: $? = 0
configure:4595: $PKG_CONFIG --exists --print-errors "libtrap"
configure:4598: $? = 0
configure:4656: result: yes
configure:4717: checking for ur_processor.sh
configure:4735: found /usr/bin/nemea//ur_processor.sh
configure:4747: result: /usr/bin/nemea//ur_processor.sh
configure:4856: checking for unirec
configure:4863: $PKG_CONFIG --exists --print-errors "unirec"
configure:4866: $? = 0
configure:4880: $PKG_CONFIG --exists --print-errors "unirec"
configure:4883: $? = 0
configure:5099: result: yes
configure:5211: checking for nemea-common in parent directory
configure:5232: result: no
configure:5237: checking for nemeacommon
configure:5244: $PKG_CONFIG --exists --print-errors "nemea-common"
configure:5247: $? = 0
configure:5261: $PKG_CONFIG --exists --print-errors "nemea-common"
configure:5264: $? = 0
configure:5322: result: yes
configure:5387: checking for gcc
configure:5414: result: gcc
configure:5643: checking for C compiler version
configure:5652: gcc --version >&5
gcc (Raspbian 4.9.2-10+deb8u1) 4.9.2
Copyright (C) 2014 Free Software Foundation, Inc.
This is free software; see the source for copying conditions.  There is NO
warranty; not even for MERCHANTABILITY or FITNESS FOR A PARTICULAR PURPOSE.

configure:5663: $? = 0
configure:5652: gcc -v >&5
Using built-in specs.
COLLECT_GCC=gcc
COLLECT_LTO_WRAPPER=/usr/lib/gcc/arm-linux-gnueabihf/4.9/lto-wrapper
Target: arm-linux-gnueabihf
Configured with: ../src/configure -v --with-pkgversion='Raspbian 4.9.2-10+deb8u1' --with-bugurl=file:///usr/share/doc/gcc-4.9/README.Bugs --enable-languages=c,c++,java,go,d,fortran,objc,obj-c++ --prefix=/usr --program-suffix=-4.9 --enable-shared --enable-linker-build-id --libexecdir=/usr/lib --without-included-gettext --enable-threads=posix --with-gxx-include-dir=/usr/include/c++/4.9 --libdir=/usr/lib --enable-nls --with-sysroot=/ --enable-clocale=gnu --enable-libstdcxx-debug --enable-libstdcxx-time=yes --enable-gnu-unique-object --disable-libitm --disable-libquadmath --enable-plugin --with-system-zlib --disable-browser-plugin --enable-java-awt=gtk --enable-gtk-cairo --with-java-home=/usr/lib/jvm/java-1.5.0-gcj-4.9-armhf/jre --enable-java-home --with-jvm-root-dir=/usr/lib/jvm/java-1.5.0-gcj-4.9-armhf --with-jvm-jar-dir=/usr/lib/jvm-exports/java-1.5.0-gcj-4.9-armhf --with-arch-directory=arm --with-ecj-jar=/usr/share/java/eclipse-ecj.jar --enable-objc-gc --enable-multiarch --disable-sjlj-exceptions --with-arch=armv6 --with-fpu=vfp --with-float=hard --enable-checking=release --build=arm-linux-gnueabihf --host=arm-linux-gnueabihf --target=arm-linux-gnueabihf
Thread model: posix
gcc version 4.9.2 (Raspbian 4.9.2-10+deb8u1) 
configure:5663: $? = 0
configure:5652: gcc -V >&5
gcc: error: unrecognized command line option '-V'
gcc: fatal error: no input files
compilation terminated.
configure:5663: $? = 4
configure:5652: gcc -qversion >&5
gcc: error: unrecognized command line option '-qversion'
gcc: fatal error: no input files
compilation terminated.
configure:5663: $? = 4
configure:5667: checking whether we are using the GNU C compiler
configure:5695: result: yes
configure:5704: checking whether gcc accepts -g
configure:5765: result: yes
configure:5782: checking for gcc option to accept ISO C89
configure:5858: result: none needed
configure:5883: checking whether gcc understands -c and -o together
configure:5920: result: yes
configure:5939: checking dependency style of gcc
configure:6050: result: gcc3
configure:6070: checking for libtrap
configure:6155: result: yes
configure:6171: checking for unirec
configure:6256: result: yes
configure:6271: checking for ur_processor.sh
configure:6301: result: /usr/bin/nemea//ur_processor.sh
configure:6327: checking for uint16_t
configure:6327: gcc -c -I/usr/local/include  -I/usr/local/include  -I/usr/local/include/nemea-common  -I/usr/local/include  -I/usr/local/include  -g -O2  conftest.c >&5
configure:6327: $? = 0
configure:6327: result: yes
configure:6339: checking for uint32_t
configure:6339: gcc -c -I/usr/local/include  -I/usr/local/include  -I/usr/local/include/nemea-common  -I/usr/local/include  -I/usr/local/include  -g -O2  conftest.c >&5
configure:6339: $? = 0
configure:6339: result: yes
configure:6467: checking that generated files are newer than configure
configure:6473: result: done
configure:6500: creating ./config.status

## ---------------- ##
## Cache variables. ##
## ---------------- ##

ac_cv_c_compiler_gnu=yes
ac_cv_c_uint16_t=yes
ac_cv_c_uint32_t=yes
ac_cv_env_CC_set=
ac_cv_env_CC_value=
ac_cv_env_CFLAGS_set=
ac_cv_env_CFLAGS_value=
ac_cv_env_CPPFLAGS_set=
ac_cv_env_CPPFLAGS_value=
ac_cv_env_CPP_set=
ac_cv_env_CPP_value=
ac_cv_env_LDFLAGS_set=
ac_cv_env_LDFLAGS_value=
ac_cv_env_LIBS_set=
ac_cv_env_LIBS_value=
ac_cv_env_PKG_CONFIG_LIBDIR_set=
ac_cv_env_PKG_CONFIG_LIBDIR_value=
ac_cv_env_PKG_CONFIG_PATH_set=
ac_cv_env_PKG_CONFIG_PATH_value=
ac_cv_env_PKG_CONFIG_set=
ac_cv_env_PKG_CONFIG_value=
ac_cv_env_build_alias_set=
ac_cv_env_build_alias_value=
ac_cv_env_host_alias_set=
ac_cv_env_host_alias_value=
ac_cv_env_libtrap_CFLAGS_set=
ac_cv_env_libtrap_CFLAGS_value=
ac_cv_env_libtrap_LIBS_set=
ac_cv_env_libtrap_LIBS_value=
ac_cv_env_nemeacommon_CFLAGS_set=
ac_cv_env_nemeacommon_CFLAGS_value=
ac_cv_env_nemeacommon_LIBS_set=
ac_cv_env_nemeacommon_LIBS_value=
ac_cv_env_target_alias_set=
ac_cv_env_target_alias_value=
ac_cv_env_unirec_CFLAGS_set=
ac_cv_env_unirec_CFLAGS_value=
ac_cv_env_unirec_LIBS_set=
ac_cv_env_unirec_LIBS_value=
ac_cv_func_getopt=yes
ac_cv_func_getopt_long=yes
ac_cv_header_getopt_h=yes
ac_cv_header_inttypes_h=yes
ac_cv_header_memory_h=yes
ac_cv_header_stdc=yes
ac_cv_header_stdint_h=yes
ac_cv_header_stdlib_h=yes
ac_cv_header_string_h=yes
ac_cv_header_strings_h=yes
ac_cv_header_sys_stat_h=yes
ac_cv_header_sys_types_h=yes
ac_cv_header_unistd_h=yes
ac_cv_objext=o
ac_cv_path_EGREP='/bin/grep -E'
ac_cv_path_GREP=/bin/grep
ac_cv_path_UNIRECPROC=/usr/bin/nemea//ur_processor.sh
ac_cv_path_ac_pt_PKG_CONFIG=/usr/bin/pkg-config
ac_cv_path_install='/usr/bin/install -c'
ac_cv_path_mkdir=/bin/mkdir
ac_cv_prog_AWK=gawk
ac_cv_prog_CPP='gcc -E'
ac_cv_prog_ac_ct_CC=gcc
ac_cv_prog_cc_c89=
ac_cv_prog_cc_g=yes
ac_cv_prog_make_make_set=yes
am_cv_CC_dependencies_compiler_type=gcc3
am_cv_make_support_nested_variables=yes
am_cv_prog_cc_c_o=yes
pkg_cv_libtrap_CFLAGS='-I/usr/local/include '
pkg_cv_libtrap_LIBS='-L/usr/local/lib -lrt -ltrap '
pkg_cv_nemeacommon_CFLAGS='-I/usr/local/include/nemea-common '
pkg_cv_nemeacommon_LIBS='-lnemea-common '
pkg_cv_unirec_CFLAGS='-I/usr/local/include '
pkg_cv_unirec_LIBS='-lunirec '

## ----------------- ##
## Output variables. ##
## ----------------- ##

ACLOCAL='${SHELL} /opt/lora_logger_modul/missing aclocal-1.14'
AMDEPBACKSLASH='\'
AMDEP_FALSE='#'
AMDEP_TRUE=''
AMTAR='$${TAR-tar}'
AM_BACKSLASH='\'
AM_DEFAULT_V='$(AM_DEFAULT_VERBOSITY)'
AM_DEFAULT_VERBOSITY='1'
AM_V='$(V)'
AUTOCONF='${SHELL} /opt/lora_logger_modul/missing autoconf'
AUTOHEADER='${SHELL} /opt/lora_logger_modul/missing autoheader'
AUTOMAKE='${SHELL} /opt/lora_logger_modul/missing automake-1.14'
AWK='gawk'
CC='gcc'
CCDEPMODE='depmode=gcc3'
CFLAGS='-I/usr/local/include  -I/usr/local/include  -I/usr/local/include/nemea-common  -I/usr/local/include  -I/usr/local/include  -g -O2'
CPP='gcc -E'
CPPFLAGS=''
CYGPATH_W='echo'
DEFS='-DHAVE_CONFIG_H'
DEPDIR='.deps'
ECHO_C=''
ECHO_N='-n'
ECHO_T=''
EGREP='/bin/grep -E'
EXEEXT=''
GREP='/bin/grep'
INSTALL_DATA='${INSTALL} -m 644'
INSTALL_PROGRAM='${INSTALL}'
INSTALL_SCRIPT='${INSTALL}'
INSTALL_STRIP_PROGRAM='$(install_sh) -c -s'
LDFLAGS='     '
LIBOBJS=''
LIBS='-lunirec  -L/usr/local/lib -lrt -ltrap  -lnemea-common  -lunirec  -L/usr/local/lib -lrt -ltrap  '
LTLIBOBJS=''
MAKEINFO='${SHELL} /opt/lora_logger_modul/missing makeinfo'
MKDIR_P='/bin/mkdir -p'
OBJEXT='o'
PACKAGE='lora_logger_module'
PACKAGE_BUGREPORT='erik.gresak@vsb.cz'
PACKAGE_NAME='lora_logger_module'
PACKAGE_STRING='lora_logger_module 1.0.0'
PACKAGE_TARNAME='lora_logger_module'
PACKAGE_URL=''
PACKAGE_VERSION='1.0.0'
PATH_SEPARATOR=':'
PKG_CONFIG='/usr/bin/pkg-config'
PKG_CONFIG_LIBDIR=''
PKG_CONFIG_PATH=''
SET_MAKE=''
SHELL='/bin/bash'
STRIP=''
UNIRECPROC='/usr/bin/nemea//ur_processor.sh'
UNIREC_INCLUDE=''
UNIREC_LTLIB=''
VERSION='1.0.0'
ac_ct_CC='gcc'
am__EXEEXT_FALSE=''
am__EXEEXT_TRUE='#'
am__fastdepCC_FALSE='#'
am__fastdepCC_TRUE=''
am__include='include'
am__isrc=''
am__leading_dot='.'
am__nodep='_no'
am__quote=''
am__tar='$${TAR-tar} chof - "$$tardir"'
am__untar='$${TAR-tar} xf -'
bindir='${exec_prefix}/bin'
build_alias=''
datadir='${datarootdir}'
datarootdir='${prefix}/share'
docdir='${datarootdir}/doc/${PACKAGE_TARNAME}'
dvidir='${docdir}'
exec_prefix='${prefix}'
host_alias=''
htmldir='${docdir}'
includedir='${prefix}/include'
infodir='${datarootdir}/info'
install_sh='${SHELL} /opt/lora_logger_modul/install-sh'
libdir='${exec_prefix}/lib'
libexecdir='${exec_prefix}/libexec'
libtrap_CFLAGS='-I/usr/local/include '
libtrap_LIBS='-L/usr/local/lib -lrt -ltrap '
localedir='${datarootdir}/locale'
localstatedir='${prefix}/var'
mandir='${datarootdir}/man'
mkdir_p='$(MKDIR_P)'
nemeacommon_CFLAGS='-I/usr/local/include/nemea-common '
nemeacommon_LIBS='-lnemea-common '
oldincludedir='/usr/include'
pdfdir='${docdir}'
prefix='/usr/local'
program_transform_name='s,x,x,'
psdir='${docdir}'
sbindir='${exec_prefix}/sbin'
sharedstatedir='${prefix}/com'
sysconfdir='${prefix}/etc'
target_alias=''
unirec_CFLAGS='-I/usr/local/include '
unirec_LIBS='-lunirec '

## ----------- ##
## confdefs.h. ##
## ----------- ##

/* confdefs.h */
#define PACKAGE_NAME "lora_logger_module"
#define PACKAGE_TARNAME "lora_logger_module"
#define PACKAGE_VERSION "1.0.0"
#define PACKAGE_STRING "lora_logger_module 1.0.0"
#define PACKAGE_BUGREPORT "erik.gresak@vsb.cz"
#define PACKAGE_URL ""
#define PACKAGE "lora_logger_module"
#define VERSION "1.0.0"
#define STDC_HEADERS 1
#define HAVE_SYS_TYPES_H 1
#define HAVE_SYS_STAT_H 1
#define HAVE_STDLIB_H 1
#define HAVE_STRING_H 1
#define HAVE_MEMORY_H 1
#define HAVE_STRINGS_H 1
#define HAVE_INTTYPES_H 1
#define HAVE_STDINT_H 1
#define HAVE_UNISTD_H 1
#define HAVE_GETOPT_H 1
#define HAVE_GETOPT_LONG 1
#define HAVE_GETOPT 1
#define TRAP_GETOPT(argc, argv, optstr, longopts) getopt_long(argc, argv, optstr, longopts, NULL)

configure: exit 0

## ---------------------- ##
## Running config.status. ##
## ---------------------- ##

This file was extended by lora_logger_module config.status 1.0.0, which was
generated by GNU Autoconf 2.69.  Invocation command line was

  CONFIG_FILES    = 
  CONFIG_HEADERS  = 
  CONFIG_LINKS    = 
  CONFIG_COMMANDS = 
  $ ./config.status 

on TTNloraGWvsb001

config.status:869: creating Makefile
config.status:869: creating config.h
config.status:1050: config.h is unchanged
config.status:1098: executing depfiles commands

## ---------------------- ##
## Running config.status. ##
## ---------------------- ##

This file was extended by lora_logger_module config.status 1.0.0, which was
generated by GNU Autoconf 2.69.  Invocation command line was

  CONFIG_FILES    = 
  CONFIG_HEADERS  = 
  CONFIG_LINKS    = 
  CONFIG_COMMANDS = 
  $ ./config.status config.h

on TTNloraGWvsb001

config.status:869: creating config.h
config.status:1050: config.h is unchanged

## ---------------------- ##
## Running config.status. ##
## ---------------------- ##

This file was extended by lora_logger_module config.status 1.0.0, which was
generated by GNU Autoconf 2.69.  Invocation command line was

  CONFIG_FILES    = 
  CONFIG_HEADERS  = 
  CONFIG_LINKS    = 
  CONFIG_COMMANDS = 
  $ ./config.status Makefile depfiles

on TTNloraGWvsb001

config.status:869: creating Makefile
config.status:1098: executing depfiles commands

## ---------------------- ##
## Running config.status. ##
## ---------------------- ##

This file was extended by lora_logger_module config.status 1.0.0, which was
generated by GNU Autoconf 2.69.  Invocation command line was

  CONFIG_FILES    = 
  CONFIG_HEADERS  = 
  CONFIG_LINKS    = 
  CONFIG_COMMANDS = 
  $ ./config.status Makefile depfiles

on TTNloraGWvsb001

config.status:869: creating Makefile
config.status:1098: executing depfiles commands

## ---------------------- ##
## Running config.status. ##
## ---------------------- ##

This file was extended by lora_logger_module config.status 1.0.0, which was
generated by GNU Autoconf 2.69.  Invocation command line was

  CONFIG_FILES    = 
  CONFIG_HEADERS  = 
  CONFIG_LINKS    = 
  CONFIG_COMMANDS = 
  $ ./config.status Makefile depfiles

on TTNloraGWvsb001

config.status:869: creating Makefile
config.status:1098: executing depfiles commands
